# JRE version: Java(TM) SE Runtime Environment (8.0_92-b14) (build 1.8.0_92-b14)
# Java VM: Java HotSpot(TM) 64-Bit Server VM (25.92-b14 mixed mode windows-amd64 compressed oops)
Heap:
 PSYoungGen      total 415744K, used 317644K [0x00000000d5d00000, 0x00000000f3400000, 0x0000000100000000)
  eden space 403968K, 78% used [0x00000000d5d00000,0x00000000e9333178,0x00000000ee780000)
  from space 11776K, 0% used [0x00000000ef380000,0x00000000ef380000,0x00000000eff00000)
  to   space 12288K, 0% used [0x00000000ee780000,0x00000000ee780000,0x00000000ef380000)
 ParOldGen       total 79872K, used 21404K [0x0000000081600000, 0x0000000086400000, 0x00000000d5d00000)
  object space 79872K, 26% used [0x0000000081600000,0x0000000082ae7168,0x0000000086400000)
 Metaspace       used 45015K, capacity 45544K, committed 45952K, reserved 1091584K
  class space    used 5874K, capacity 6000K, committed 6016K, reserved 1048576K
GC Heap History (10 events):
Event: 27.340 GC heap before
{Heap before GC invocations=18 (full 1):
 PSYoungGen      total 295936K, used 294166K [0x00000000d5d00000, 0x00000000eaa00000, 0x0000000100000000)
  eden space 286720K, 100% used [0x00000000d5d00000,0x00000000e7500000,0x00000000e7500000)
  from space 9216K, 80% used [0x00000000e7f00000,0x00000000e8645828,0x00000000e8800000)
  to   space 10240K, 0% used [0x00000000e7500000,0x00000000e7500000,0x00000000e7f00000)
 ParOldGen       total 61440K, used 15022K [0x0000000081600000, 0x0000000085200000, 0x00000000d5d00000)
  object space 61440K, 24% used [0x0000000081600000,0x00000000824abab0,0x0000000085200000)
 Metaspace       used 26282K, capacity 26650K, committed 27008K, reserved 1073152K
  class space    used 3323K, capacity 3430K, committed 3456K, reserved 1048576K
Event: 27.364 GC heap after
Heap after GC invocations=18 (full 1):
 PSYoungGen      total 296960K, used 6974K [0x00000000d5d00000, 0x00000000ec480000, 0x0000000100000000)
  eden space 286720K, 0% used [0x00000000d5d00000,0x00000000d5d00000,0x00000000e7500000)
  from space 10240K, 68% used [0x00000000e7500000,0x00000000e7bcf890,0x00000000e7f00000)
  to   space 10240K, 0% used [0x00000000eba80000,0x00000000eba80000,0x00000000ec480000)
 ParOldGen       total 61440K, used 15182K [0x0000000081600000, 0x0000000085200000, 0x00000000d5d00000)
  object space 61440K, 24% used [0x0000000081600000,0x00000000824d3ab0,0x0000000085200000)
 Metaspace       used 26282K, capacity 26650K, committed 27008K, reserved 1073152K
  class space    used 3323K, capacity 3430K, committed 3456K, reserved 1048576K
}
Event: 34.310 GC heap before
{Heap before GC invocations=19 (full 1):
 PSYoungGen      total 296960K, used 293694K [0x00000000d5d00000, 0x00000000ec480000, 0x0000000100000000)
  eden space 286720K, 100% used [0x00000000d5d00000,0x00000000e7500000,0x00000000e7500000)
  from space 10240K, 68% used [0x00000000e7500000,0x00000000e7bcf890,0x00000000e7f00000)
  to   space 10240K, 0% used [0x00000000eba80000,0x00000000eba80000,0x00000000ec480000)
 ParOldGen       total 61440K, used 15182K [0x0000000081600000, 0x0000000085200000, 0x00000000d5d00000)
  object space 61440K, 24% used [0x0000000081600000,0x00000000824d3ab0,0x0000000085200000)
 Metaspace       used 31271K, capacity 31698K, committed 32000K, reserved 1077248K
  class space    used 3944K, capacity 4042K, committed 4096K, reserved 1048576K
Event: 34.328 GC heap after
Heap after GC invocations=19 (full 1):
 PSYoungGen      total 349696K, used 7427K [0x00000000d5d00000, 0x00000000ec200000, 0x0000000100000000)
  eden space 342016K, 0% used [0x00000000d5d00000,0x00000000d5d00000,0x00000000eab00000)
  from space 7680K, 96% used [0x00000000eba80000,0x00000000ec1c0ed8,0x00000000ec200000)
  to   space 10752K, 0% used [0x00000000ead00000,0x00000000ead00000,0x00000000eb780000)
 ParOldGen       total 61440K, used 17762K [0x0000000081600000, 0x0000000085200000, 0x00000000d5d00000)
  object space 61440K, 28% used [0x0000000081600000,0x0000000082758ad0,0x0000000085200000)
 Metaspace       used 31271K, capacity 31698K, committed 32000K, reserved 1077248K
  class space    used 3944K, capacity 4042K, committed 4096K, reserved 1048576K
}
Event: 39.173 GC heap before
{Heap before GC invocations=20 (full 1):
 PSYoungGen      total 349696K, used 349443K [0x00000000d5d00000, 0x00000000ec200000, 0x0000000100000000)
  eden space 342016K, 100% used [0x00000000d5d00000,0x00000000eab00000,0x00000000eab00000)
  from space 7680K, 96% used [0x00000000eba80000,0x00000000ec1c0ed8,0x00000000ec200000)
  to   space 10752K, 0% used [0x00000000ead00000,0x00000000ead00000,0x00000000eb780000)
 ParOldGen       total 61440K, used 17762K [0x0000000081600000, 0x0000000085200000, 0x00000000d5d00000)
  object space 61440K, 28% used [0x0000000081600000,0x0000000082758ad0,0x0000000085200000)
 Metaspace       used 34624K, capacity 35038K, committed 35456K, reserved 1079296K
  class space    used 4501K, capacity 4620K, committed 4736K, reserved 1048576K
Event: 39.196 GC heap after
Heap after GC invocations=20 (full 1):
 PSYoungGen      total 354816K, used 9630K [0x00000000d5d00000, 0x00000000eff00000, 0x0000000100000000)
  eden space 344064K, 0% used [0x00000000d5d00000,0x00000000d5d00000,0x00000000ead00000)
  from space 10752K, 89% used [0x00000000ead00000,0x00000000eb667a20,0x00000000eb780000)
  to   space 11776K, 0% used [0x00000000ef380000,0x00000000ef380000,0x00000000eff00000)
 ParOldGen       total 61440K, used 21832K [0x0000000081600000, 0x0000000085200000, 0x00000000d5d00000)
  object space 61440K, 35% used [0x0000000081600000,0x0000000082b521f8,0x0000000085200000)
 Metaspace       used 34624K, capacity 35038K, committed 35456K, reserved 1079296K
  class space    used 4501K, capacity 4620K, committed 4736K, reserved 1048576K
}
Event: 39.244 GC heap before
{Heap before GC invocations=21 (full 1):
 PSYoungGen      total 354816K, used 19220K [0x00000000d5d00000, 0x00000000eff00000, 0x0000000100000000)
  eden space 344064K, 2% used [0x00000000d5d00000,0x00000000d665d7e0,0x00000000ead00000)
  from space 10752K, 89% used [0x00000000ead00000,0x00000000eb667a20,0x00000000eb780000)
  to   space 11776K, 0% used [0x00000000ef380000,0x00000000ef380000,0x00000000eff00000)
 ParOldGen       total 61440K, used 21832K [0x0000000081600000, 0x0000000085200000, 0x00000000d5d00000)
  object space 61440K, 35% used [0x0000000081600000,0x0000000082b521f8,0x0000000085200000)
 Metaspace       used 34803K, capacity 35198K, committed 35456K, reserved 1079296K
  class space    used 4536K, capacity 4652K, committed 4736K, reserved 1048576K
Event: 39.251 GC heap after
Heap after GC invocations=21 (full 1):
 PSYoungGen      total 415744K, used 1184K [0x00000000d5d00000, 0x00000000f3400000, 0x0000000100000000)
  eden space 403968K, 0% used [0x00000000d5d00000,0x00000000d5d00000,0x00000000ee780000)
  from space 11776K, 10% used [0x00000000ef380000,0x00000000ef4a8000,0x00000000eff00000)
  to   space 12288K, 0% used [0x00000000ee780000,0x00000000ee780000,0x00000000ef380000)
 ParOldGen       total 61440K, used 21840K [0x0000000081600000, 0x0000000085200000, 0x00000000d5d00000)
  object space 61440K, 35% used [0x0000000081600000,0x0000000082b541f8,0x0000000085200000)
 Metaspace       used 34803K, capacity 35198K, committed 35456K, reserved 1079296K
  class space    used 4536K, capacity 4652K, committed 4736K, reserved 1048576K
}
Event: 39.251 GC heap before
{Heap before GC invocations=22 (full 2):
 PSYoungGen      total 415744K, used 1184K [0x00000000d5d00000, 0x00000000f3400000, 0x0000000100000000)
  eden space 403968K, 0% used [0x00000000d5d00000,0x00000000d5d00000,0x00000000ee780000)
  from space 11776K, 10% used [0x00000000ef380000,0x00000000ef4a8000,0x00000000eff00000)
  to   space 12288K, 0% used [0x00000000ee780000,0x00000000ee780000,0x00000000ef380000)
 ParOldGen       total 61440K, used 21840K [0x0000000081600000, 0x0000000085200000, 0x00000000d5d00000)
  object space 61440K, 35% used [0x0000000081600000,0x0000000082b541f8,0x0000000085200000)
 Metaspace       used 34803K, capacity 35198K, committed 35456K, reserved 1079296K
  class space    used 4536K, capacity 4652K, committed 4736K, reserved 1048576K
Event: 39.437 GC heap after
Heap after GC invocations=22 (full 2):
 PSYoungGen      total 415744K, used 0K [0x00000000d5d00000, 0x00000000f3400000, 0x0000000100000000)
  eden space 403968K, 0% used [0x00000000d5d00000,0x00000000d5d00000,0x00000000ee780000)
  from space 11776K, 0% used [0x00000000ef380000,0x00000000ef380000,0x00000000eff00000)
  to   space 12288K, 0% used [0x00000000ee780000,0x00000000ee780000,0x00000000ef380000)
 ParOldGen       total 79872K, used 21404K [0x0000000081600000, 0x0000000086400000, 0x00000000d5d00000)
  object space 79872K, 26% used [0x0000000081600000,0x0000000082ae7168,0x0000000086400000)
 Metaspace       used 34803K, capacity 35198K, committed 35456K, reserved 1079296K
  class space    used 4536K, capacity 4652K, committed 4736K, reserved 1048576K
}

